<?xml version="1.0" encoding="UTF-8"?>
<!-- Generated by org.testng.reporters.JUnitReportReporter -->
<testsuite skipped="0" hostname="DELL-PC" name="com.seleniumIntegration.jenkins.SelDemoTest" tests="1" failures="0" timestamp="06 Jan 2020 17:06:33 GMT" time="0.009" errors="0">
  <testcase name="printSelenium" time="0.009" classname="com.seleniumIntegration.jenkins.SelDemoTest"/>
</testsuite> <!-- com.seleniumIntegration.jenkins.SelDemoTest -->
